#
# There is insufficient memory for the Java Runtime Environment to continue.
# Native memory allocation (mmap) failed to map 132120576 bytes for G1 virtual space
# Possible reasons:
#   The system is out of physical RAM or swap space
#   The process is running with CompressedOops enabled, and the Java Heap may be blocking the growth of the native heap
# Possible solutions:
#   Reduce memory load on the system
#   Increase physical memory or swap space
#   Check if swap backing store is full
#   Decrease Java heap size (-Xmx/-Xms)
#   Decrease number of Java threads
#   Decrease Java thread stack sizes (-Xss)
#   Set larger code cache with -XX:ReservedCodeCacheSize=
#   JVM is running with Unscaled Compressed Oops mode in which the Java heap is
#     placed in the first 4GB address space. The Java Heap base address is the
#     maximum limit for the native heap growth. Please use -XX:HeapBaseMinAddress
#     to set the Java Heap base and to place the Java Heap above 4GB virtual address.
# This output file may be truncated or incomplete.
#
#  Out of Memory Error (os_windows.cpp:3536), pid=11728, tid=12376
#
# JRE version:  (19.0.2+7) (build )
# Java VM: Java HotSpot(TM) 64-Bit Server VM (19.0.2+7-44, mixed mode, sharing, tiered, compressed oops, compressed class ptrs, g1 gc, windows-amd64)
# No core dump will be written. Minidumps are not enabled by default on client versions of Windows
#

---------------  S U M M A R Y ------------

Command Line: -Dfile.encoding=UTF-8 -XX:+ShowCodeDetailsInExceptionMessages Main

Host: Intel(R) Core(TM) i5-1035G1 CPU @ 1.00GHz, 8 cores, 7G,  Windows 11 , 64 bit Build 22621 (10.0.22621.1485)
Time: Fri May  5 16:33:59 2023 SE Asia Standard Time elapsed time: 0.021668 seconds (0d 0h 0m 0s)

---------------  T H R E A D  ---------------

Current thread (0x000001d41eac0280):  JavaThread "Unknown thread" [_thread_in_vm, id=12376, stack(0x0000004421700000,0x0000004421800000)]

Stack: [0x0000004421700000,0x0000004421800000]
Native frames: (J=compiled Java code, j=interpreted, Vv=VM code, C=native code)
V  [jvm.dll+0x6ee21a]
V  [jvm.dll+0x85765e]
V  [jvm.dll+0x85904e]
V  [jvm.dll+0x859703]
V  [jvm.dll+0x28298f]
V  [jvm.dll+0x6eb009]
V  [jvm.dll+0x6dfbaa]
V  [jvm.dll+0x3573f6]
V  [jvm.dll+0x35ee56]
V  [jvm.dll+0x3b541e]
V  [jvm.dll+0x3b564f]
V  [jvm.dll+0x32c9ea]
V  [jvm.dll+0x32d89e]
V  [jvm.dll+0x821780]
V  [jvm.dll+0x3c2661]
V  [jvm.dll+0x801f51]
V  [jvm.dll+0x44ae8f]
V  [jvm.dll+0x44c811]
C  [jli.dll+0x5287]
C  [ucrtbase.dll+0x29363]
C  [KERNEL32.DLL+0x1269d]
C  [ntdll.dll+0x5a9f8]


---------------  P R O C E S S  ---------------

Threads class SMR info:
_java_thread_list=0x00007fff6984d048, length=0, elements={
}

Java Threads: ( => current thread )

Other Threads:
  0x000001d41eb1fa70 WorkerThread "GC Thread#0" [stack: 0x0000004421800000,0x0000004421900000] [id=19320]
  0x000001d41eb30db0 ConcurrentGCThread "G1 Main Marker" [stack: 0x0000004421900000,0x0000004421a00000] [id=12560]
  0x000001d41eb317e0 WorkerThread "G1 Conc#0" [stack: 0x0000004421a00000,0x0000004421b00000] [id=15828]

[error occurred during error reporting (printing all threads), id 0xc0000005, EXCEPTION_ACCESS_VIOLATION (0xc0000005) at pc=0x00007fff6900d427]

VM state: not at safepoint (not fully initialized)

VM Mutex/Monitor currently owned by a thread:  ([mutex/lock_event])
[0x000001d41eaba8e0] Heap_lock - owner thread: 0x000001d41eac0280

Heap address: 0x0000000083600000, size: 1994 MB, Compressed Oops mode: 32-bit

CDS archive(s) mapped at: [0x0000000000000000-0x0000000000000000-0x0000000000000000), size 0, SharedBaseAddress: 0x0000000800000000, ArchiveRelocationMode: 0.
Narrow klass base: 0x0000000000000000, Narrow klass shift: 0, Narrow klass range: 0x0

GC Precious Log:
 CardTable entry size: 512
 Card Set container configuration: InlinePtr #cards 5 size 8 Array Of Cards #cards 12 size 40 Howl #buckets 4 coarsen threshold 1843 Howl Bitmap #cards 512 size 80 coarsen threshold 460 Card regions per heap region 1 cards per card region 2048

Heap:
 garbage-first heap   total 0K, used 0K [0x0000000083600000, 0x0000000100000000)
  region size 1024K, 0 young (0K), 0 survivors (0K)

[error occurred during error reporting (printing heap information), id 0xc0000005, EXCEPTION_ACCESS_VIOLATION (0xc0000005) at pc=0x00007fff69416649]

GC Heap History (0 events):
No events

Dll operation events (1 events):
Event: 0.015 Loaded shared library C:\Program Files\Java\jdk-19\bin\java.dll

Deoptimization events (0 events):
No events

Classes loaded (0 events):
No events

Classes unloaded (0 events):
No events

Classes redefined (0 events):
No events

Internal exceptions (0 events):
No events

VM Operations (0 events):
No events

Events (0 events):
No events


Dynamic libraries:
0x00007ff7fdc50000 - 0x00007ff7fdc60000 	C:\Program Files\Java\jdk-19\bin\javaw.exe
0x00007fffe2f50000 - 0x00007fffe3164000 	C:\WINDOWS\SYSTEM32\ntdll.dll
0x00007fffe2230000 - 0x00007fffe22f2000 	C:\WINDOWS\System32\KERNEL32.DLL
0x00007fffe0800000 - 0x00007fffe0b9c000 	C:\WINDOWS\System32\KERNELBASE.dll
0x00007fffe05a0000 - 0x00007fffe06b1000 	C:\WINDOWS\System32\ucrtbase.dll
0x00007fffd50d0000 - 0x00007fffd50e8000 	C:\Program Files\Java\jdk-19\bin\jli.dll
0x00007fffe1420000 - 0x00007fffe14ce000 	C:\WINDOWS\System32\ADVAPI32.dll
0x00007fffc8570000 - 0x00007fffc858b000 	C:\Program Files\Java\jdk-19\bin\VCRUNTIME140.dll
0x00007fffe2060000 - 0x00007fffe2107000 	C:\WINDOWS\System32\msvcrt.dll
0x00007fffe24d0000 - 0x00007fffe2574000 	C:\WINDOWS\System32\sechost.dll
0x00007fffe1e60000 - 0x00007fffe1f77000 	C:\WINDOWS\System32\RPCRT4.dll
0x00007fffe0f30000 - 0x00007fffe10db000 	C:\WINDOWS\System32\USER32.dll
0x00007fffc07d0000 - 0x00007fffc0a5e000 	C:\WINDOWS\WinSxS\amd64_microsoft.windows.common-controls_6595b64144ccf1df_6.0.22621.608_none_a9444ca7c10bb01d\COMCTL32.dll
0x00007fffe0ba0000 - 0x00007fffe0bc6000 	C:\WINDOWS\System32\win32u.dll
0x00007fffe2ee0000 - 0x00007fffe2f09000 	C:\WINDOWS\System32\GDI32.dll
0x00007fffe0bd0000 - 0x00007fffe0ce3000 	C:\WINDOWS\System32\gdi32full.dll
0x00007fffe0390000 - 0x00007fffe042a000 	C:\WINDOWS\System32\msvcp_win.dll
0x00007fffd5940000 - 0x00007fffd594a000 	C:\WINDOWS\SYSTEM32\VERSION.dll
0x00007fffe2300000 - 0x00007fffe2331000 	C:\WINDOWS\System32\IMM32.DLL
0x00007fffdb780000 - 0x00007fffdb78c000 	C:\Program Files\Java\jdk-19\bin\vcruntime140_1.dll
0x00007fff993e0000 - 0x00007fff9946e000 	C:\Program Files\Java\jdk-19\bin\msvcp140.dll
0x00007fff68cd0000 - 0x00007fff69990000 	C:\Program Files\Java\jdk-19\bin\server\jvm.dll
0x00007fffd51d0000 - 0x00007fffd5204000 	C:\WINDOWS\SYSTEM32\WINMM.dll
0x00007fffdba70000 - 0x00007fffdba79000 	C:\WINDOWS\SYSTEM32\WSOCK32.dll
0x00007fffe2340000 - 0x00007fffe23b1000 	C:\WINDOWS\System32\WS2_32.dll
0x00007fffdf3a0000 - 0x00007fffdf3b8000 	C:\WINDOWS\SYSTEM32\kernel.appcore.dll
0x00007fffd7550000 - 0x00007fffd755a000 	C:\Program Files\Java\jdk-19\bin\jimage.dll
0x00007fffddd30000 - 0x00007fffddf5e000 	C:\WINDOWS\SYSTEM32\DBGHELP.DLL
0x00007fffe1530000 - 0x00007fffe18b9000 	C:\WINDOWS\System32\combase.dll
0x00007fffe1f80000 - 0x00007fffe2057000 	C:\WINDOWS\System32\OLEAUT32.dll
0x00007fffb38b0000 - 0x00007fffb38e2000 	C:\WINDOWS\SYSTEM32\dbgcore.DLL
0x00007fffe06c0000 - 0x00007fffe073b000 	C:\WINDOWS\System32\bcryptPrimitives.dll
0x00007fffc17a0000 - 0x00007fffc17c6000 	C:\Program Files\Java\jdk-19\bin\java.dll

dbghelp: loaded successfully - version: 4.0.5 - missing functions: none
symbol engine: initialized successfully - sym options: 0x614 - pdb path: .;C:\Program Files\Java\jdk-19\bin;C:\WINDOWS\SYSTEM32;C:\WINDOWS\WinSxS\amd64_microsoft.windows.common-controls_6595b64144ccf1df_6.0.22621.608_none_a9444ca7c10bb01d;C:\Program Files\Java\jdk-19\bin\server

VM Arguments:
jvm_args: -Dfile.encoding=UTF-8 -XX:+ShowCodeDetailsInExceptionMessages 
java_command: Main
java_class_path (initial): C:\Users\Phat\OneDrive - The University of Technology\Desktop\JAVA_Pro\ATM\ATM_DEMO\out\production\ATM_DEMO;C:\Users\Phat\OneDrive - The University of Technology\Desktop\JAVA_Pro\PBL3\src\lib\mysql-connector-java-8.0.30.jar
Launcher Type: SUN_STANDARD

[Global flags]
     intx CICompilerCount                          = 4                                         {product} {ergonomic}
     uint ConcGCThreads                            = 2                                         {product} {ergonomic}
     uint G1ConcRefinementThreads                  = 8                                         {product} {ergonomic}
   size_t G1HeapRegionSize                         = 1048576                                   {product} {ergonomic}
    uintx GCDrainStackTargetSize                   = 64                                        {product} {ergonomic}
   size_t InitialHeapSize                          = 132120576                                 {product} {ergonomic}
   size_t MarkStackSize                            = 4194304                                   {product} {ergonomic}
   size_t MaxHeapSize                              = 2090860544                                {product} {ergonomic}
   size_t MinHeapDeltaBytes                        = 1048576                                   {product} {ergonomic}
   size_t MinHeapSize                              = 8388608                                   {product} {ergonomic}
    uintx NonNMethodCodeHeapSize                   = 5839372                                {pd product} {ergonomic}
    uintx NonProfiledCodeHeapSize                  = 122909434                              {pd product} {ergonomic}
    uintx ProfiledCodeHeapSize                     = 122909434                              {pd product} {ergonomic}
    uintx ReservedCodeCacheSize                    = 251658240                              {pd product} {ergonomic}
     bool SegmentedCodeCache                       = true                                      {product} {ergonomic}
     bool ShowCodeDetailsInExceptionMessages       = true                                   {manageable} {command line}
   size_t SoftMaxHeapSize                          = 2090860544                             {manageable} {ergonomic}
     bool UseCompressedClassPointers               = true                           {product lp64_product} {ergonomic}
     bool UseCompressedOops                        = true                           {product lp64_product} {ergonomic}
     bool UseG1GC                                  = true                                      {product} {ergonomic}
     bool UseLargePagesIndividualAllocation        = false                                  {pd product} {ergonomic}

Logging:
Log output configuration:
 #0: stdout all=warning uptime,level,tags foldmultilines=false
 #1: stderr all=off uptime,level,tags foldmultilines=false

Environment Variables:
JAVA_HOME=C:\Program Files\Java\jdk-19\bin
PATH=C:\Program Files (x86)\Common Files\Intel\Shared Libraries\redist\intel64\compiler;C:\Program Files\Common Files\Oracle\Java\javapath;C:\windows\system32;C:\windows;C:\windows\System32\Wbem;C:\windows\System32\WindowsPowerShell\v1.0\;C:\windows\System32\OpenSSH\;C:\Program Files (x86)\NVIDIA Corporation\PhysX\Common;C:\Program Files\NVIDIA Corporation\NVIDIA NvDLISR;C:\FPC\3.2.0\bin\i386-Win32;C:\MinGW\bin;C:\WINDOWS\system32;C:\WINDOWS;C:\WINDOWS\System32\Wbem;C:\WINDOWS\System32\WindowsPowerShell\v1.0\;C:\WINDOWS\System32\OpenSSH\;C:\Program Files\Git\cmd;C:\Program Files\Microsoft SQL Server\Client SDK\ODBC\170\Tools\Binn\;C:\Program Files (x86)\Microsoft SQL Server\150\Tools\Binn\;C:\Program Files\Microsoft SQL Server\150\Tools\Binn\;C:\Program Files\Microsoft SQL Server\150\DTS\Binn\;C:\Program Files (x86)\Microsoft SQL Server\150\DTS\Binn\;C:\Program Files\Azure Data Studio\bin;C:\Program Files\Java\jdk-19\bin;C:\Program Files\dotnet\;C:\Users\Phat\AppData\Local\Programs\Python\Python39\Scripts\;C:\Users\Phat\AppData\Local\Programs\Python\Python39\;C:\Users\Phat\AppData\Local\Programs\Python\Python39-32\Scripts\;C:\Users\Phat\AppData\Local\Programs\Python\Python39-32\;C:\Users\Phat\AppData\Local\Microsoft\WindowsApps;C:\Users\Phat\AppData\Local\Programs\Microsoft VS Code\bin;C:\Program Files\Azure Data Studio\bin;C:\Users\Phat\.dotnet\tools;C:\MinGW\bin;
USERNAME=Phat
OS=Windows_NT
PROCESSOR_IDENTIFIER=Intel64 Family 6 Model 126 Stepping 5, GenuineIntel
TMP=C:\Users\Phat\AppData\Local\Temp
TEMP=C:\Users\Phat\AppData\Local\Temp



---------------  S Y S T E M  ---------------

OS:
 Windows 11 , 64 bit Build 22621 (10.0.22621.1485)
OS uptime: 1 days 4:52 hours
Hyper-V role detected

CPU: total 8 (initial active 8) (4 cores per cpu, 2 threads per core) family 6 model 126 stepping 5 microcode 0x86, cx8, cmov, fxsr, ht, mmx, 3dnowpref, sse, sse2, sse3, ssse3, sse4.1, sse4.2, popcnt, lzcnt, tsc, tscinvbit, avx, avx2, aes, erms, clmul, bmi1, bmi2, adx, avx512f, avx512dq, avx512cd, avx512bw, avx512vl, sha, fma, vzeroupper, avx512_vpopcntdq, avx512_vpclmulqdq, avx512_vaes, avx512_vnni, clflush, clflushopt, avx512_vbmi2, avx512_vbmi, hv, rdtscp, rdpid, fsrm, gfni, avx512_bitalg

Memory: 4k page, system-wide physical 7973M (458M free)
TotalPageFile size 17035M (AvailPageFile size 69M)
current process WorkingSet (physical memory assigned to process): 11M, peak: 11M
current process commit charge ("private bytes"): 60M, peak: 186M

vm_info: Java HotSpot(TM) 64-Bit Server VM (19.0.2+7-44) for windows-amd64 JRE (19.0.2+7-44), built on 2022-11-30T18:02:09Z by "mach5one" with MS VC++ 17.1 (VS2022)

END.
